<?xml version="1.0" encoding="UTF-8"?>
<!-- Generated by org.testng.reporters.JUnitReportReporter -->
<testsuite skipped="0" hostname="ucreate8-All-Series" name="autobrainTests.testLogin" tests="1" failures="0" timestamp="10 May 2019 12:46:44 GMT" time="39.973" errors="0">
  <testcase name="testLogin" time="39.973" classname="autobrainTests.testLogin"/>
</testsuite> <!-- autobrainTests.testLogin -->
